#
# A fatal error has been detected by the Java Runtime Environment:
#
#  Internal Error (os_bsd.cpp:5658), pid=94985, tid=22275
#  guarantee(_nParked == 0) failed: invariant
#
# JRE version: Java(TM) SE Runtime Environment (7.0_51-b13) (build 1.7.0_51-b13)
# Java VM: Java HotSpot(TM) 64-Bit Server VM (24.51-b03 mixed mode bsd-amd64 compressed oops)
# Failed to write core dump. Core dumps have been disabled. To enable core dumping, try "ulimit -c unlimited" before starting Java again
#
# If you would like to submit a bug report, please visit:
#   http://bugreport.sun.com/bugreport/crash.jsp
#

---------------  T H R E A D  ---------------

Current thread (0x00007f835b082800):  JavaThread "*** Profiler Agent Special Execution Thread 3" daemon [_thread_blocked, id=1073741824, stack(0x000000011799d000,0x0000000117a9d000)]

Stack: [0x000000011799d000,0x0000000117a9d000],  sp=0x0000000117a9c3a0,  free space=1020k
Native frames: (J=compiled Java code, j=interpreted, Vv=VM code, C=native code)
V  [libjvm.dylib+0x524ef9]
V  [libjvm.dylib+0x1ec18d]
V  [libjvm.dylib+0x416e21]
V  [libjvm.dylib+0x3f70ce]
V  [libjvm.dylib+0x3f76b3]
V  [libjvm.dylib+0x3f7731]
V  [libjvm.dylib+0x46d7d3]
V  [libjvm.dylib+0x181240]
V  [libjvm.dylib+0x40fea8]
V  [libjvm.dylib+0x4bf4b3]
V  [libjvm.dylib+0x32af1c]
C  [libprofilerinterface.jnilib+0x1631]  waitInterceptor+0x5d
J  java.lang.Object.wait(J)V

Java frames: (J=compiled Java code, j=interpreted, Vv=VM code)
J  java.lang.Object.wait(J)V
J  org.netbeans.lib.profiler.server.ProfilerRuntimeObjLiveness$ReferenceManagerThread.run()V
v  ~StubRoutines::call_stub

---------------  P R O C E S S  ---------------

Java Threads: ( => current thread )
  0x00007f835c800000 JavaThread "DestroyJavaVM" [_thread_blocked, id=4867, stack(0x000000010cc3d000,0x000000010cd3d000)]
  0x00007f835c2f4000 JavaThread "Thread-12" [_thread_in_native, id=80135, stack(0x000000011fb1e000,0x000000011fc1e000)]
  0x00007f835c2d9000 JavaThread "Direct Clip" daemon [_thread_blocked, id=77827, stack(0x000000011f83a000,0x000000011f93a000)]
  0x00007f835b22d000 JavaThread "Direct Clip" daemon [_thread_blocked, id=77315, stack(0x000000011f32f000,0x000000011f42f000)]
  0x00007f835b922800 JavaThread "Direct Clip" daemon [_thread_blocked, id=76803, stack(0x000000011f0ec000,0x000000011f1ec000)]
  0x00007f835c9ba000 JavaThread "Direct Clip" daemon [_thread_blocked, id=76291, stack(0x000000011efe9000,0x000000011f0e9000)]
  0x00007f835b227000 JavaThread "Java Sound Event Dispatcher" daemon [_thread_blocked, id=74247, stack(0x000000011d5fd000,0x000000011d6fd000)]
  0x00007f835b201000 JavaThread "AWT-EventQueue-0" [_thread_blocked, id=59919, stack(0x000000011db55000,0x000000011dc55000)]
  0x00007f835c194800 JavaThread "Java2D Disposer" daemon [_thread_blocked, id=52999, stack(0x000000011c3a5000,0x000000011c4a5000)]
  0x00007f835b83a800 JavaThread "Java2D Queue Flusher" daemon [_thread_blocked, id=49671, stack(0x000000011bda9000,0x000000011bea9000)]
  0x00007f835b04e800 JavaThread "AWT-Shutdown" [_thread_blocked, id=30731, stack(0x0000000119431000,0x0000000119531000)]
  0x00007f835b04a000 JavaThread "AppKit Thread" daemon [_thread_in_native, id=1287, stack(0x00007fff53a95000,0x00007fff53b15000)]
=>0x00007f835b082800 JavaThread "*** Profiler Agent Special Execution Thread 3" daemon [_thread_blocked, id=1073741824, stack(0x000000011799d000,0x0000000117a9d000)]
  0x00007f835c8b8800 JavaThread "Service Thread" daemon [_thread_blocked, id=21763, stack(0x000000011789a000,0x000000011799a000)]
  0x00007f835c863000 JavaThread "C2 CompilerThread1" daemon [_thread_blocked, id=21251, stack(0x0000000117797000,0x0000000117897000)]
  0x00007f835c862000 JavaThread "C2 CompilerThread0" daemon [_thread_blocked, id=20739, stack(0x0000000117694000,0x0000000117794000)]
  0x00007f835c065000 JavaThread "*** JFluid Monitor thread ***" daemon [_thread_blocked, id=18691, stack(0x000000011722e000,0x000000011732e000)]
  0x00007f835b038000 JavaThread "Signal Dispatcher" daemon [_thread_in_vm, id=17667, stack(0x0000000116f77000,0x0000000117077000)]
  0x00007f835c81c800 JavaThread "Finalizer" daemon [_thread_blocked, id=12547, stack(0x0000000116d41000,0x0000000116e41000)]
  0x00007f835c819800 JavaThread "Reference Handler" daemon [_thread_blocked, id=12035, stack(0x0000000116c3e000,0x0000000116d3e000)]

Other Threads:
  0x00007f835c819000 VMThread [stack: 0x0000000116b3b000,0x0000000116c3b000] [id=11523]

VM state:synchronizing (normal execution)

VM Mutex/Monitor currently owned by a thread:  ([mutex/lock_event])
[0x00007f835ae08130] Safepoint_lock - owner thread: 0x00007f835c819000
[0x00007f835ae081b0] Threads_lock - owner thread: 0x00007f835c819000

Heap
 PSYoungGen      total 35328K, used 6278K [0x00000007d5500000, 0x00000007d8300000, 0x0000000800000000)
  eden space 24576K, 25% used [0x00000007d5500000,0x00000007d5b21868,0x00000007d6d00000)
  from space 10752K, 0% used [0x00000007d7880000,0x00000007d7880000,0x00000007d8300000)
  to   space 11264K, 0% used [0x00000007d6d00000,0x00000007d6d00000,0x00000007d7800000)
 ParOldGen       total 55296K, used 16373K [0x0000000780000000, 0x0000000783600000, 0x00000007d5500000)
  object space 55296K, 29% used [0x0000000780000000,0x0000000780ffd448,0x0000000783600000)
 PSPermGen       total 47616K, used 12667K [0x000000077ae00000, 0x000000077dc80000, 0x0000000780000000)
  object space 47616K, 26% used [0x000000077ae00000,0x000000077ba5ee80,0x000000077dc80000)

Card table byte_map: [0x00000001106c0000,0x0000000110aea000] byte_map_base: 0x000000010cae9000

Polling page: 0x000000010cd7c000

Code Cache  [0x000000010d600000, 0x000000010d870000, 0x0000000110600000)
 total_blobs=1012 nmethods=548 adapters=418 free_code_cache=47441Kb largest_free_block=48546560

Compilation events (10 events):
Event: 587.817 Thread 0x00007f835c862000  570             com.sudolink.entities.GameObject::setDirection (50 bytes)
Event: 587.818 Thread 0x00007f835c862000 nmethod 570 0x000000010d79f9d0 code [0x000000010d79fb40, 0x000000010d79fbd8]
Event: 595.290 Thread 0x00007f835c863000  571             sun.java2d.pipe.BufferedContext::setComposite (132 bytes)
Event: 595.294 Thread 0x00007f835c863000 nmethod 571 0x000000010d79fcd0 code [0x000000010d79fe40, 0x000000010d79ffa8]
Event: 598.886 Thread 0x00007f835c862000  572             java.util.ArrayList::indexOf (67 bytes)
Event: 598.890 Thread 0x00007f835c862000 nmethod 572 0x000000010d7b0c10 code [0x000000010d7b0d60, 0x000000010d7b0e98]
Event: 611.246 Thread 0x00007f835c863000  573             sun.awt.image.SunVolatileImage::getFont (51 bytes)
Event: 611.247 Thread 0x00007f835c863000 nmethod 573 0x000000010d7b0990 code [0x000000010d7b0ae0, 0x000000010d7b0b78]
Event: 611.504 Thread 0x00007f835c862000  574             sun.java2d.pipe.BufferedPaints::resetPaint (18 bytes)
Event: 611.507 Thread 0x00007f835c862000 nmethod 574 0x000000010d7b05d0 code [0x000000010d7b0720, 0x000000010d7b0808]

GC Heap History (10 events):
Event: 560.866 GC heap before
{Heap before GC invocations=20 (full 1):
 PSYoungGen      total 38400K, used 28128K [0x00000007d5500000, 0x00000007d8800000, 0x0000000800000000)
  eden space 26624K, 100% used [0x00000007d5500000,0x00000007d6f00000,0x00000007d6f00000)
  from space 11776K, 12% used [0x00000007d7c80000,0x00000007d7df8000,0x00000007d8800000)
  to   space 12800K, 0% used [0x00000007d6f00000,0x00000007d6f00000,0x00000007d7b80000)
 ParOldGen       total 61952K, used 20791K [0x0000000780000000, 0x0000000783c80000, 0x00000007d5500000)
  object space 61952K, 33% used [0x0000000780000000,0x000000078144dda0,0x0000000783c80000)
 PSPermGen       total 40448K, used 12638K [0x000000077ae00000, 0x000000077d580000, 0x0000000780000000)
  object space 40448K, 31% used [0x000000077ae00000,0x000000077ba57bc0,0x000000077d580000)
Event: 560.881 GC heap after
Heap after GC invocations=20 (full 1):
 PSYoungGen      total 27648K, used 1440K [0x00000007d5500000, 0x00000007d8680000, 0x0000000800000000)
  eden space 26112K, 0% used [0x00000007d5500000,0x00000007d5500000,0x00000007d6e80000)
  from space 1536K, 93% used [0x00000007d6f00000,0x00000007d7068000,0x00000007d7080000)
  to   space 12288K, 0% used [0x00000007d7a80000,0x00000007d7a80000,0x00000007d8680000)
 ParOldGen       total 61952K, used 20845K [0x0000000780000000, 0x0000000783c80000, 0x00000007d5500000)
  object space 61952K, 33% used [0x0000000780000000,0x000000078145b420,0x0000000783c80000)
 PSPermGen       total 40448K, used 12638K [0x000000077ae00000, 0x000000077d580000, 0x0000000780000000)
  object space 40448K, 31% used [0x000000077ae00000,0x000000077ba57bc0,0x000000077d580000)
}
Event: 583.514 GC heap before
{Heap before GC invocations=21 (full 1):
 PSYoungGen      total 27648K, used 27552K [0x00000007d5500000, 0x00000007d8680000, 0x0000000800000000)
  eden space 26112K, 100% used [0x00000007d5500000,0x00000007d6e80000,0x00000007d6e80000)
  from space 1536K, 93% used [0x00000007d6f00000,0x00000007d7068000,0x00000007d7080000)
  to   space 12288K, 0% used [0x00000007d7a80000,0x00000007d7a80000,0x00000007d8680000)
 ParOldGen       total 61952K, used 20845K [0x0000000780000000, 0x0000000783c80000, 0x00000007d5500000)
  object space 61952K, 33% used [0x0000000780000000,0x000000078145b420,0x0000000783c80000)
 PSPermGen       total 40448K, used 12638K [0x000000077ae00000, 0x000000077d580000, 0x0000000780000000)
  object space 40448K, 31% used [0x000000077ae00000,0x000000077ba57bc0,0x000000077d580000)
Event: 583.524 GC heap after
Heap after GC invocations=21 (full 1):
 PSYoungGen      total 36352K, used 1408K [0x00000007d5500000, 0x00000007d8500000, 0x0000000800000000)
  eden space 25600K, 0% used [0x00000007d5500000,0x00000007d5500000,0x00000007d6e00000)
  from space 10752K, 13% used [0x00000007d7a80000,0x00000007d7be0000,0x00000007d8500000)
  to   space 11776K, 0% used [0x00000007d6e00000,0x00000007d6e00000,0x00000007d7980000)
 ParOldGen       total 61952K, used 20877K [0x0000000780000000, 0x0000000783c80000, 0x00000007d5500000)
  object space 61952K, 33% used [0x0000000780000000,0x0000000781463420,0x0000000783c80000)
 PSPermGen       total 40448K, used 12638K [0x000000077ae00000, 0x000000077d580000, 0x0000000780000000)
  object space 40448K, 31% used [0x000000077ae00000,0x000000077ba57bc0,0x000000077d580000)
}
Event: 604.124 GC heap before
{Heap before GC invocations=22 (full 1):
 PSYoungGen      total 36352K, used 27008K [0x00000007d5500000, 0x00000007d8500000, 0x0000000800000000)
  eden space 25600K, 100% used [0x00000007d5500000,0x00000007d6e00000,0x00000007d6e00000)
  from space 10752K, 13% used [0x00000007d7a80000,0x00000007d7be0000,0x00000007d8500000)
  to   space 11776K, 0% used [0x00000007d6e00000,0x00000007d6e00000,0x00000007d7980000)
 ParOldGen       total 61952K, used 20877K [0x0000000780000000, 0x0000000783c80000, 0x00000007d5500000)
  object space 61952K, 33% used [0x0000000780000000,0x0000000781463420,0x0000000783c80000)
 PSPermGen       total 40448K, used 12639K [0x000000077ae00000, 0x000000077d580000, 0x0000000780000000)
  object space 40448K, 31% used [0x000000077ae00000,0x000000077ba57cb0,0x000000077d580000)
Event: 604.134 GC heap after
Heap after GC invocations=22 (full 1):
 PSYoungGen      total 26624K, used 1408K [0x00000007d5500000, 0x00000007d8380000, 0x0000000800000000)
  eden space 25088K, 0% used [0x00000007d5500000,0x00000007d5500000,0x00000007d6d80000)
  from space 1536K, 91% used [0x00000007d6e00000,0x00000007d6f60000,0x00000007d6f80000)
  to   space 11264K, 0% used [0x00000007d7880000,0x00000007d7880000,0x00000007d8380000)
 ParOldGen       total 61952K, used 20909K [0x0000000780000000, 0x0000000783c80000, 0x00000007d5500000)
  object space 61952K, 33% used [0x0000000780000000,0x000000078146b420,0x0000000783c80000)
 PSPermGen       total 40448K, used 12639K [0x000000077ae00000, 0x000000077d580000, 0x0000000780000000)
  object space 40448K, 31% used [0x000000077ae00000,0x000000077ba57cb0,0x000000077d580000)
}
Event: 613.210 GC heap before
{Heap before GC invocations=23 (full 1):
 PSYoungGen      total 26624K, used 13533K [0x00000007d5500000, 0x00000007d8380000, 0x0000000800000000)
  eden space 25088K, 48% used [0x00000007d5500000,0x00000007d60d7498,0x00000007d6d80000)
  from space 1536K, 91% used [0x00000007d6e00000,0x00000007d6f60000,0x00000007d6f80000)
  to   space 11264K, 0% used [0x00000007d7880000,0x00000007d7880000,0x00000007d8380000)
 ParOldGen       total 61952K, used 20909K [0x0000000780000000, 0x0000000783c80000, 0x00000007d5500000)
  object space 61952K, 33% used [0x0000000780000000,0x000000078146b420,0x0000000783c80000)
 PSPermGen       total 40448K, used 12641K [0x000000077ae00000, 0x000000077d580000, 0x0000000780000000)
  object space 40448K, 31% used [0x000000077ae00000,0x000000077ba58558,0x000000077d580000)
Event: 613.216 GC heap after
Heap after GC invocations=23 (full 1):
 PSYoungGen      total 35328K, used 704K [0x00000007d5500000, 0x00000007d8300000, 0x0000000800000000)
  eden space 24576K, 0% used [0x00000007d5500000,0x00000007d5500000,0x00000007d6d00000)
  from space 10752K, 6% used [0x00000007d7880000,0x00000007d7930000,0x00000007d8300000)
  to   space 11264K, 0% used [0x00000007d6d00000,0x00000007d6d00000,0x00000007d7800000)
 ParOldGen       total 61952K, used 20933K [0x0000000780000000, 0x0000000783c80000, 0x00000007d5500000)
  object space 61952K, 33% used [0x0000000780000000,0x0000000781471420,0x0000000783c80000)
 PSPermGen       total 40448K, used 12641K [0x000000077ae00000, 0x000000077d580000, 0x0000000780000000)
  object space 40448K, 31% used [0x000000077ae00000,0x000000077ba58558,0x000000077d580000)
}
Event: 613.216 GC heap before
{Heap before GC invocations=24 (full 2):
 PSYoungGen      total 35328K, used 704K [0x00000007d5500000, 0x00000007d8300000, 0x0000000800000000)
  eden space 24576K, 0% used [0x00000007d5500000,0x00000007d5500000,0x00000007d6d00000)
  from space 10752K, 6% used [0x00000007d7880000,0x00000007d7930000,0x00000007d8300000)
  to   space 11264K, 0% used [0x00000007d6d00000,0x00000007d6d00000,0x00000007d7800000)
 ParOldGen       total 61952K, used 20933K [0x0000000780000000, 0x0000000783c80000, 0x00000007d5500000)
  object space 61952K, 33% used [0x0000000780000000,0x0000000781471420,0x0000000783c80000)
 PSPermGen       total 40448K, used 12641K [0x000000077ae00000, 0x000000077d580000, 0x0000000780000000)
  object space 40448K, 31% used [0x000000077ae00000,0x000000077ba58558,0x000000077d580000)
Event: 613.258 GC heap after
Heap after GC invocations=24 (full 2):
 PSYoungGen      total 35328K, used 0K [0x00000007d5500000, 0x00000007d8300000, 0x0000000800000000)
  eden space 24576K, 0% used [0x00000007d5500000,0x00000007d5500000,0x00000007d6d00000)
  from space 10752K, 0% used [0x00000007d7880000,0x00000007d7880000,0x00000007d8300000)
  to   space 11264K, 0% used [0x00000007d6d00000,0x00000007d6d00000,0x00000007d7800000)
 ParOldGen       total 55296K, used 16373K [0x0000000780000000, 0x0000000783600000, 0x00000007d5500000)
  object space 55296K, 29% used [0x0000000780000000,0x0000000780ffd448,0x0000000783600000)
 PSPermGen       total 47616K, used 12641K [0x000000077ae00000, 0x000000077dc80000, 0x0000000780000000)
  object space 47616K, 26% used [0x000000077ae00000,0x000000077ba58518,0x000000077dc80000)
}

Deoptimization events (10 events):
Event: 61.065 Thread 0x00007f835c065000 Uncommon trap: reason=unreached action=reinterpret pc=0x000000010d6dcdbc method=org.netbeans.lib.profiler.server.Monitors$SurvGenAndThreadsMonitor.updateThreadsData()V @ 174
Event: 163.387 Thread 0x00007f835c2f4000 Uncommon trap: reason=bimorphic action=maybe_recompile pc=0x000000010d7074b0 method=com.sudolink.game.GameTimer.tick()V @ 32
Event: 196.688 Thread 0x00007f835c2f4000 Uncommon trap: reason=bimorphic action=maybe_recompile pc=0x000000010d7074b0 method=com.sudolink.game.GameTimer.tick()V @ 32
Event: 201.776 Thread 0x00007f835c2f4000 Uncommon trap: reason=bimorphic action=maybe_recompile pc=0x000000010d7074b0 method=com.sudolink.game.GameTimer.tick()V @ 32
Event: 204.344 Thread 0x00007f835c2f4000 Uncommon trap: reason=bimorphic action=maybe_recompile pc=0x000000010d7074b0 method=com.sudolink.game.GameTimer.tick()V @ 32
Event: 248.657 Thread 0x00007f835b201000 Uncommon trap: reason=unreached action=reinterpret pc=0x000000010d7140fc method=java.awt.EventQueue.eventToCacheIndex(Ljava/awt/AWTEvent;)I @ 60
Event: 508.547 Thread 0x00007f835c819800 Uncommon trap: reason=unreached action=reinterpret pc=0x000000010d6eabd8 method=java.lang.ref.Reference$ReferenceHandler.run()V @ 74
Event: 508.548 Thread 0x00007f835c819800 Uncommon trap: reason=unreached action=reinterpret pc=0x000000010d6f2e04 method=java.lang.ref.ReferenceQueue.enqueue(Ljava/lang/ref/Reference;)Z @ 70
Event: 508.548 Thread 0x00007f835c81c800 Uncommon trap: reason=unreached action=reinterpret pc=0x000000010d6ebfc4 method=java.lang.ref.ReferenceQueue.reallyPoll()Ljava/lang/ref/Reference; @ 58
Event: 509.052 Thread 0x00007f835b201000 Uncommon trap: reason=unreached action=reinterpret pc=0x000000010d7164b8 method=sun.java2d.pipe.BufferedContext.validate(Lsun/java2d/pipe/hw/AccelSurface;Lsun/java2d/pipe/hw/AccelSurface;Lsun/java2d/pipe/Region;Ljava/awt/Composite;Ljava/awt/geom/AffineTra

Internal exceptions (10 events):
Event: 6.295 Thread 0x00007f835c800000 Threw 0x00000007d6bae760 at /HUDSON/workspace/7u-2-build-macosx-x86_64/jdk7u51/527/hotspot/src/share/vm/prims/jvm.cpp:1244
Event: 6.298 Thread 0x00007f835c800000 Threw 0x00000007d6bb26d8 at /HUDSON/workspace/7u-2-build-macosx-x86_64/jdk7u51/527/hotspot/src/share/vm/prims/jvm.cpp:1244
Event: 7.419 Thread 0x00007f835c800000 Threw 0x00000007d74ee128 at /HUDSON/workspace/7u-2-build-macosx-x86_64/jdk7u51/527/hotspot/src/share/vm/prims/jvm.cpp:1244
Event: 7.420 Thread 0x00007f835c800000 Threw 0x00000007d74f11e0 at /HUDSON/workspace/7u-2-build-macosx-x86_64/jdk7u51/527/hotspot/src/share/vm/prims/jvm.cpp:1244
Event: 7.422 Thread 0x00007f835c800000 Threw 0x00000007d74f4cd0 at /HUDSON/workspace/7u-2-build-macosx-x86_64/jdk7u51/527/hotspot/src/share/vm/prims/jvm.cpp:1244
Event: 7.423 Thread 0x00007f835c800000 Threw 0x00000007d74f8678 at /HUDSON/workspace/7u-2-build-macosx-x86_64/jdk7u51/527/hotspot/src/share/vm/prims/jvm.cpp:1244
Event: 7.491 Thread 0x00007f835c2f4000 Threw 0x00000007d75b13d0 at /HUDSON/workspace/7u-2-build-macosx-x86_64/jdk7u51/527/hotspot/src/share/vm/prims/jvm.cpp:1244
Event: 7.612 Thread 0x00007f835c2f4000 Threw 0x00000007d58bee38 at /HUDSON/workspace/7u-2-build-macosx-x86_64/jdk7u51/527/hotspot/src/share/vm/prims/jvm.cpp:1244
Event: 46.025 Thread 0x00007f835b201000 Implicit null exception at 0x000000010d6a7675 to 0x000000010d6a794d
Event: 618.065 Thread 0x00007f835c83d800 Threw 0x00000007d56db548 at /HUDSON/workspace/7u-2-build-macosx-x86_64/jdk7u51/527/hotspot/src/share/vm/prims/jni.cpp:743

Events (10 events):
Event: 618.052 loading class 0x00007f835c835600
Event: 618.052 loading class 0x00007f835c835600 done
Event: 618.065 loading class 0x00007f835c835590
Event: 618.065 Thread 0x00007f835b1ed000 Thread exited: 0x00007f835b1ed000
Event: 618.065 loading class 0x00007f835c835590 done
Event: 618.065 Thread 0x00007f835b062000 Thread exited: 0x00007f835b062000
Event: 618.066 loading class 0x00007f835b028ea0
Event: 618.066 loading class 0x00007f835b028ea0 done
Event: 618.066 Thread 0x00007f835c83d800 Thread exited: 0x00007f835c83d800
Event: 618.066 Executing VM operation: Exit


Dynamic libraries:
0x000000000599e000 	/System/Library/Frameworks/Cocoa.framework/Versions/A/Cocoa
0x000000000599e000 	/System/Library/Frameworks/Security.framework/Versions/A/Security
0x000000000599e000 	/System/Library/Frameworks/ApplicationServices.framework/Versions/A/ApplicationServices
0x000000000599e000 	/usr/lib/libz.1.dylib
0x000000000599e000 	/usr/lib/libSystem.B.dylib
0x000000000599e000 	/usr/lib/libobjc.A.dylib
0x000000000599e000 	/System/Library/Frameworks/CoreFoundation.framework/Versions/A/CoreFoundation
0x000000000599e000 	/System/Library/Frameworks/Foundation.framework/Versions/C/Foundation
0x000000000599e000 	/System/Library/Frameworks/AppKit.framework/Versions/C/AppKit
0x000000000599e000 	/System/Library/Frameworks/CoreData.framework/Versions/A/CoreData
0x000000000599e000 	/System/Library/PrivateFrameworks/RemoteViewServices.framework/Versions/A/RemoteViewServices
0x000000000599e000 	/System/Library/Frameworks/AudioToolbox.framework/Versions/A/AudioToolbox
0x000000000599e000 	/System/Library/Frameworks/AudioUnit.framework/Versions/A/AudioUnit
0x000000000599e000 	/System/Library/PrivateFrameworks/DataDetectorsCore.framework/Versions/A/DataDetectorsCore
0x000000000599e000 	/System/Library/PrivateFrameworks/DesktopServicesPriv.framework/Versions/A/DesktopServicesPriv
0x000000000599e000 	/System/Library/Frameworks/Carbon.framework/Versions/A/Frameworks/HIToolbox.framework/Versions/A/HIToolbox
0x000000000599e000 	/System/Library/Frameworks/QuartzCore.framework/Versions/A/QuartzCore
0x000000000599e000 	/System/Library/Frameworks/Carbon.framework/Versions/A/Frameworks/SpeechRecognition.framework/Versions/A/SpeechRecognition
0x000000000599e000 	/usr/lib/libauto.dylib
0x000000000599e000 	/usr/lib/libicucore.A.dylib
0x000000000599e000 	/usr/lib/libxml2.2.dylib
0x000000000599e000 	/System/Library/PrivateFrameworks/CoreUI.framework/Versions/A/CoreUI
0x000000000599e000 	/System/Library/Frameworks/CoreAudio.framework/Versions/A/CoreAudio
0x000000000599e000 	/System/Library/Frameworks/DiskArbitration.framework/Versions/A/DiskArbitration
0x000000000599e000 	/usr/lib/liblangid.dylib
0x000000000599e000 	/System/Library/PrivateFrameworks/MultitouchSupport.framework/Versions/A/MultitouchSupport
0x000000000599e000 	/System/Library/Frameworks/IOKit.framework/Versions/A/IOKit
0x000000000599e000 	/usr/lib/libDiagnosticMessagesClient.dylib
0x000000000599e000 	/System/Library/Frameworks/CoreServices.framework/Versions/A/CoreServices
0x000000000599e000 	/System/Library/PrivateFrameworks/PerformanceAnalysis.framework/Versions/A/PerformanceAnalysis
0x000000000599e000 	/System/Library/PrivateFrameworks/GenerationalStorage.framework/Versions/A/GenerationalStorage
0x000000000599e000 	/System/Library/Frameworks/OpenGL.framework/Versions/A/OpenGL
0x000000000599e000 	/System/Library/PrivateFrameworks/Sharing.framework/Versions/A/Sharing
0x000000000599e000 	/System/Library/Frameworks/ImageIO.framework/Versions/A/ImageIO
0x000000000599e000 	/System/Library/Frameworks/CoreText.framework/Versions/A/CoreText
0x000000000599e000 	/System/Library/Frameworks/CoreGraphics.framework/Versions/A/CoreGraphics
0x000000000599e000 	/System/Library/PrivateFrameworks/Backup.framework/Versions/A/Backup
0x000000000599e000 	/System/Library/Frameworks/CFNetwork.framework/Versions/A/CFNetwork
0x000000000599e000 	/System/Library/Frameworks/SystemConfiguration.framework/Versions/A/SystemConfiguration
0x000000000599e000 	/usr/lib/libCRFSuite.dylib
0x000000000599e000 	/usr/lib/libc++.1.dylib
0x000000000599e000 	/usr/lib/libc++abi.dylib
0x000000000599e000 	/usr/lib/system/libcache.dylib
0x000000000599e000 	/usr/lib/system/libcommonCrypto.dylib
0x000000000599e000 	/usr/lib/system/libcompiler_rt.dylib
0x000000000599e000 	/usr/lib/system/libcopyfile.dylib
0x000000000599e000 	/usr/lib/system/libcorecrypto.dylib
0x000000000599e000 	/usr/lib/system/libdispatch.dylib
0x000000000599e000 	/usr/lib/system/libdyld.dylib
0x000000000599e000 	/usr/lib/system/libkeymgr.dylib
0x000000000599e000 	/usr/lib/system/liblaunch.dylib
0x000000000599e000 	/usr/lib/system/libmacho.dylib
0x000000000599e000 	/usr/lib/system/libquarantine.dylib
0x000000000599e000 	/usr/lib/system/libremovefile.dylib
0x000000000599e000 	/usr/lib/system/libsystem_asl.dylib
0x000000000599e000 	/usr/lib/system/libsystem_blocks.dylib
0x000000000599e000 	/usr/lib/system/libsystem_c.dylib
0x000000000599e000 	/usr/lib/system/libsystem_configuration.dylib
0x000000000599e000 	/usr/lib/system/libsystem_dnssd.dylib
0x000000000599e000 	/usr/lib/system/libsystem_info.dylib
0x000000000599e000 	/usr/lib/system/libsystem_kernel.dylib
0x000000000599e000 	/usr/lib/system/libsystem_m.dylib
0x000000000599e000 	/usr/lib/system/libsystem_malloc.dylib
0x000000000599e000 	/usr/lib/system/libsystem_network.dylib
0x000000000599e000 	/usr/lib/system/libsystem_notify.dylib
0x000000000599e000 	/usr/lib/system/libsystem_platform.dylib
0x000000000599e000 	/usr/lib/system/libsystem_pthread.dylib
0x000000000599e000 	/usr/lib/system/libsystem_sandbox.dylib
0x000000000599e000 	/usr/lib/system/libsystem_stats.dylib
0x000000000599e000 	/usr/lib/system/libunc.dylib
0x000000000599e000 	/usr/lib/system/libunwind.dylib
0x000000000599e000 	/usr/lib/system/libxpc.dylib
0x000000000599e000 	/usr/lib/libbsm.0.dylib
0x000000000599e000 	/usr/lib/libsqlite3.dylib
0x000000000599e000 	/usr/lib/libxar.1.dylib
0x000000000599e000 	/usr/lib/libpam.2.dylib
0x000000000599e000 	/usr/lib/libOpenScriptingUtil.dylib
0x000000000599e000 	/usr/lib/libbz2.1.0.dylib
0x000000000599e000 	/System/Library/Frameworks/CoreServices.framework/Versions/A/Frameworks/CarbonCore.framework/Versions/A/CarbonCore
0x000000000599e000 	/System/Library/Frameworks/CoreServices.framework/Versions/A/Frameworks/Metadata.framework/Versions/A/Metadata
0x000000000599e000 	/System/Library/Frameworks/CoreServices.framework/Versions/A/Frameworks/OSServices.framework/Versions/A/OSServices
0x000000000599e000 	/System/Library/Frameworks/CoreServices.framework/Versions/A/Frameworks/SearchKit.framework/Versions/A/SearchKit
0x000000000599e000 	/System/Library/Frameworks/CoreServices.framework/Versions/A/Frameworks/AE.framework/Versions/A/AE
0x000000000599e000 	/System/Library/Frameworks/CoreServices.framework/Versions/A/Frameworks/LaunchServices.framework/Versions/A/LaunchServices
0x000000000599e000 	/System/Library/Frameworks/CoreServices.framework/Versions/A/Frameworks/DictionaryServices.framework/Versions/A/DictionaryServices
0x000000000599e000 	/System/Library/Frameworks/NetFS.framework/Versions/A/NetFS
0x000000000599e000 	/usr/lib/system/libkxld.dylib
0x000000000599e000 	/System/Library/PrivateFrameworks/NetAuth.framework/Versions/A/NetAuth
0x000000000599e000 	/System/Library/PrivateFrameworks/TCC.framework/Versions/A/TCC
0x000000000599e000 	/System/Library/Frameworks/OpenDirectory.framework/Versions/A/Frameworks/CFOpenDirectory.framework/Versions/A/CFOpenDirectory
0x000000000599e000 	/System/Library/Frameworks/ServiceManagement.framework/Versions/A/ServiceManagement
0x000000000599e000 	/usr/lib/libxslt.1.dylib
0x000000000599e000 	/System/Library/Frameworks/Carbon.framework/Versions/A/Frameworks/Ink.framework/Versions/A/Ink
0x000000000599e000 	/System/Library/Frameworks/ApplicationServices.framework/Versions/A/Frameworks/ATS.framework/Versions/A/ATS
0x000000000599e000 	/System/Library/Frameworks/ApplicationServices.framework/Versions/A/Frameworks/ColorSync.framework/Versions/A/ColorSync
0x000000000599e000 	/System/Library/Frameworks/ApplicationServices.framework/Versions/A/Frameworks/HIServices.framework/Versions/A/HIServices
0x000000000599e000 	/System/Library/Frameworks/ApplicationServices.framework/Versions/A/Frameworks/LangAnalysis.framework/Versions/A/LangAnalysis
0x000000000599e000 	/System/Library/Frameworks/ApplicationServices.framework/Versions/A/Frameworks/PrintCore.framework/Versions/A/PrintCore
0x000000000599e000 	/System/Library/Frameworks/ApplicationServices.framework/Versions/A/Frameworks/QD.framework/Versions/A/QD
0x000000000599e000 	/System/Library/Frameworks/ApplicationServices.framework/Versions/A/Frameworks/SpeechSynthesis.framework/Versions/A/SpeechSynthesis
0x000000000599e000 	/System/Library/Frameworks/IOSurface.framework/Versions/A/IOSurface
0x000000000599e000 	/System/Library/Frameworks/Accelerate.framework/Versions/A/Accelerate
0x000000000599e000 	/System/Library/Frameworks/Accelerate.framework/Versions/A/Frameworks/vImage.framework/Versions/A/vImage
0x000000000599e000 	/System/Library/Frameworks/Accelerate.framework/Versions/A/Frameworks/vecLib.framework/Versions/A/vecLib
0x000000000599e000 	/System/Library/Frameworks/Accelerate.framework/Versions/A/Frameworks/vecLib.framework/Versions/A/libvDSP.dylib
0x000000000599e000 	/System/Library/Frameworks/Accelerate.framework/Versions/A/Frameworks/vecLib.framework/Versions/A/libvMisc.dylib
0x000000000599e000 	/System/Library/Frameworks/Accelerate.framework/Versions/A/Frameworks/vecLib.framework/Versions/A/libLAPACK.dylib
0x000000000599e000 	/System/Library/Frameworks/Accelerate.framework/Versions/A/Frameworks/vecLib.framework/Versions/A/libBLAS.dylib
0x000000000599e000 	/System/Library/Frameworks/ApplicationServices.framework/Versions/A/Frameworks/ATS.framework/Versions/A/Resources/libFontParser.dylib
0x000000000599e000 	/System/Library/Frameworks/ApplicationServices.framework/Versions/A/Frameworks/ATS.framework/Versions/A/Resources/libFontRegistry.dylib
0x000000000599e000 	/System/Library/Frameworks/ImageIO.framework/Versions/A/Resources/libJPEG.dylib
0x000000000599e000 	/System/Library/Frameworks/ImageIO.framework/Versions/A/Resources/libTIFF.dylib
0x000000000599e000 	/System/Library/Frameworks/ImageIO.framework/Versions/A/Resources/libPng.dylib
0x000000000599e000 	/System/Library/Frameworks/ImageIO.framework/Versions/A/Resources/libGIF.dylib
0x000000000599e000 	/System/Library/Frameworks/ImageIO.framework/Versions/A/Resources/libJP2.dylib
0x000000000599e000 	/System/Library/Frameworks/ImageIO.framework/Versions/A/Resources/libRadiance.dylib
0x000000000599e000 	/usr/lib/libcups.2.dylib
0x000000000599e000 	/System/Library/Frameworks/Kerberos.framework/Versions/A/Kerberos
0x000000000599e000 	/System/Library/Frameworks/GSS.framework/Versions/A/GSS
0x000000000599e000 	/usr/lib/libresolv.9.dylib
0x000000000599e000 	/usr/lib/libiconv.2.dylib
0x000000000599e000 	/System/Library/PrivateFrameworks/Heimdal.framework/Versions/A/Heimdal
0x000000000599e000 	/System/Library/PrivateFrameworks/TrustEvaluationAgent.framework/Versions/A/TrustEvaluationAgent
0x000000000599e000 	/usr/lib/libheimdal-asn1.dylib
0x000000000599e000 	/System/Library/Frameworks/OpenDirectory.framework/Versions/A/OpenDirectory
0x000000000599e000 	/System/Library/PrivateFrameworks/CommonAuth.framework/Versions/A/CommonAuth
0x000000000599e000 	/System/Library/Frameworks/SecurityFoundation.framework/Versions/A/SecurityFoundation
0x000000000599e000 	/System/Library/PrivateFrameworks/Bom.framework/Versions/A/Bom
0x000000000599e000 	/System/Library/Frameworks/CoreVideo.framework/Versions/A/CoreVideo
0x000000000599e000 	/System/Library/Frameworks/QuartzCore.framework/Versions/A/Frameworks/CoreImage.framework/Versions/A/CoreImage
0x000000000599e000 	/System/Library/Frameworks/QuartzCore.framework/Versions/A/Frameworks/ScalableUserInterface.framework/Versions/A/ScalableUserInterface
0x000000000599e000 	/System/Library/Frameworks/OpenGL.framework/Versions/A/Libraries/libGLU.dylib
0x000000000599e000 	/System/Library/Frameworks/OpenGL.framework/Versions/A/Libraries/libGFXShared.dylib
0x000000000599e000 	/System/Library/Frameworks/OpenGL.framework/Versions/A/Libraries/libGL.dylib
0x000000000599e000 	/System/Library/Frameworks/OpenGL.framework/Versions/A/Libraries/libGLImage.dylib
0x000000000599e000 	/System/Library/Frameworks/OpenGL.framework/Versions/A/Libraries/libCVMSPluginSupport.dylib
0x000000000599e000 	/System/Library/Frameworks/OpenGL.framework/Versions/A/Libraries/libCoreVMClient.dylib
0x000000000599e000 	/System/Library/PrivateFrameworks/FaceCore.framework/Versions/A/FaceCore
0x000000000599e000 	/System/Library/PrivateFrameworks/CrashReporterSupport.framework/Versions/A/CrashReporterSupport
0x000000000599e000 	/System/Library/Frameworks/OpenCL.framework/Versions/A/OpenCL
0x000000000599e000 	/System/Library/PrivateFrameworks/AppleFSCompression.framework/Versions/A/AppleFSCompression
0x000000000599e000 	/System/Library/PrivateFrameworks/Ubiquity.framework/Versions/A/Ubiquity
0x000000000599e000 	/System/Library/PrivateFrameworks/IconServices.framework/Versions/A/IconServices
0x000000000599e000 	/System/Library/PrivateFrameworks/ChunkingLibrary.framework/Versions/A/ChunkingLibrary
0x000000000599e000 	/System/Library/PrivateFrameworks/CoreSymbolication.framework/Versions/A/CoreSymbolication
0x000000000599e000 	/System/Library/PrivateFrameworks/Symbolication.framework/Versions/A/Symbolication
0x000000000599e000 	/System/Library/PrivateFrameworks/DebugSymbols.framework/Versions/A/DebugSymbols
0x000000010c1e9000 	/Library/Java/JavaVirtualMachines/jdk1.7.0_51.jdk/Contents/Home/jre/lib/server/libjvm.dylib
0x000000000599e000 	/usr/lib/libstdc++.6.dylib
0x000000010cd3f000 	/Library/Java/JavaVirtualMachines/jdk1.7.0_51.jdk/Contents/Home/jre/lib/libverify.dylib
0x000000010cd4c000 	/Library/Java/JavaVirtualMachines/jdk1.7.0_51.jdk/Contents/Home/jre/lib/libjava.dylib
0x000000010cd93000 	/Applications/NetBeans/NetBeans 7.4.app/Contents/Resources/NetBeans/profiler/lib/deployed/jdk16/mac/libprofilerinterface.jnilib
0x000000010cd9e000 	/System/Library/Frameworks/JavaVM.framework/Versions/A/JavaVM
0x000000010cdab000 	/System/Library/PrivateFrameworks/JavaLaunching.framework/Versions/A/JavaLaunching
0x000000010cdc0000 	/Library/Java/JavaVirtualMachines/jdk1.7.0_51.jdk/Contents/Home/jre/lib/libzip.dylib
0x0000000116e43000 	/System/Library/Frameworks/JavaVM.framework/Frameworks/JavaRuntimeSupport.framework/JavaRuntimeSupport
0x0000000116e5b000 	/System/Library/Frameworks/JavaVM.framework/Versions/A/Frameworks/JavaNativeFoundation.framework/Versions/A/JavaNativeFoundation
0x000000000599e000 	/System/Library/Frameworks/Carbon.framework/Versions/A/Carbon
0x000000000599e000 	/System/Library/Frameworks/Carbon.framework/Versions/A/Frameworks/CommonPanels.framework/Versions/A/CommonPanels
0x000000000599e000 	/System/Library/Frameworks/Carbon.framework/Versions/A/Frameworks/Help.framework/Versions/A/Help
0x000000000599e000 	/System/Library/Frameworks/Carbon.framework/Versions/A/Frameworks/ImageCapture.framework/Versions/A/ImageCapture
0x000000000599e000 	/System/Library/Frameworks/Carbon.framework/Versions/A/Frameworks/OpenScripting.framework/Versions/A/OpenScripting
0x000000000599e000 	/System/Library/Frameworks/Carbon.framework/Versions/A/Frameworks/Print.framework/Versions/A/Print
0x000000000599e000 	/System/Library/Frameworks/Carbon.framework/Versions/A/Frameworks/SecurityHI.framework/Versions/A/SecurityHI
0x00000001171c1000 	/Library/Java/JavaVirtualMachines/jdk1.7.0_51.jdk/Contents/Home/jre/lib/libnet.dylib
0x000000011721e000 	/Library/Java/JavaVirtualMachines/jdk1.7.0_51.jdk/Contents/Home/jre/lib/libnio.dylib
0x0000000117433000 	/Library/Java/JavaVirtualMachines/jdk1.7.0_51.jdk/Contents/Home/jre/lib/libmanagement.dylib
0x0000000117aa2000 	/Library/Java/JavaVirtualMachines/jdk1.7.0_51.jdk/Contents/Home/jre/lib/libawt.dylib
0x0000000117b51000 	/Library/Java/JavaVirtualMachines/jdk1.7.0_51.jdk/Contents/Home/jre/lib/./libmlib_image.dylib
0x0000000117c1d000 	/Library/Java/JavaVirtualMachines/jdk1.7.0_51.jdk/Contents/Home/jre/lib/lwawt/liblwawt.dylib
0x0000000117cd1000 	/Library/Java/JavaVirtualMachines/jdk1.7.0_51.jdk/Contents/Home/jre/lib/libosxapp.dylib
0x000000000599e000 	/System/Library/Frameworks/ExceptionHandling.framework/Versions/A/ExceptionHandling
0x000000000599e000 	/System/Library/PrivateFrameworks/CoreServicesInternal.framework/Versions/A/CoreServicesInternal
0x000000000599e000 	/System/Library/PrivateFrameworks/Librarian.framework/Versions/A/Librarian
0x000000000599e000 	/System/Library/Frameworks/CoreGraphics.framework/Versions/A/Resources/libCGCMS.A.dylib
0x000000000599e000 	/System/Library/Frameworks/CoreGraphics.framework/Versions/A/Resources/libRIP.A.dylib
0x000000000599e000 	/System/Library/Frameworks/CoreGraphics.framework/Versions/A/Resources/libCGXType.A.dylib
0x000000000599e000 	/System/Library/PrivateFrameworks/FamilyControls.framework/Versions/A/FamilyControls
0x000000000599e000 	/System/Library/PrivateFrameworks/CommerceKit.framework/Versions/A/Frameworks/CommerceCore.framework/Versions/A/CommerceCore
0x000000000599e000 	/System/Library/PrivateFrameworks/SystemAdministration.framework/Versions/A/SystemAdministration
0x000000000599e000 	/System/Library/Frameworks/DirectoryService.framework/Versions/A/DirectoryService
0x000000000599e000 	/System/Library/PrivateFrameworks/DiskImages.framework/Versions/A/DiskImages
0x000000000599e000 	/System/Library/PrivateFrameworks/LoginUIKit.framework/Versions/A/Frameworks/LoginUICore.framework/Versions/A/LoginUICore
0x000000000599e000 	/usr/lib/libCoreStorage.dylib
0x000000000599e000 	/usr/lib/libcsfde.dylib
0x000000000599e000 	/usr/lib/libodfde.dylib
0x000000000599e000 	/System/Library/Frameworks/DiscRecording.framework/Versions/A/DiscRecording
0x000000000599e000 	/usr/lib/libcurl.4.dylib
0x000000000599e000 	/System/Library/PrivateFrameworks/MediaKit.framework/Versions/A/MediaKit
0x000000000599e000 	/System/Library/PrivateFrameworks/EFILogin.framework/Versions/A/EFILogin
0x000000000599e000 	/usr/lib/libutil.dylib
0x000000000599e000 	/System/Library/PrivateFrameworks/AOSNotification.framework/Versions/A/AOSNotification
0x000000000599e000 	/System/Library/Frameworks/LDAP.framework/Versions/A/LDAP
0x000000000599e000 	/usr/lib/libsasl2.2.dylib
0x000000000599e000 	/usr/lib/libcrypto.0.9.8.dylib
0x000000000599e000 	/usr/lib/libssl.0.9.8.dylib
0x000000000599e000 	/System/Library/Frameworks/OpenGL.framework/Versions/A/Resources/GLEngine.bundle/GLEngine
0x000000000599e000 	/System/Library/Frameworks/OpenGL.framework/Versions/A/Libraries/libGLProgrammability.dylib
0x0000000000000000 	/System/Library/Extensions/AppleIntelHD3000GraphicsGLDriver.bundle/Contents/MacOS/AppleIntelHD3000GraphicsGLDriver
0x000000011a3bb000 	/System/Library/PrivateFrameworks/GPUSupport.framework/Versions/A/Libraries/libGPUSupport.dylib
0x000000000599e000 	/System/Library/Frameworks/OpenGL.framework/Versions/A/Resources/GLRendererFloat.bundle/GLRendererFloat
0x000000000599e000 	/System/Library/Frameworks/OpenCL.framework/Versions/A/Libraries/libcldcpuengine.dylib
0x000000011c66a000 	/Library/Java/JavaVirtualMachines/jdk1.7.0_51.jdk/Contents/Home/jre/lib/libfontmanager.dylib
0x000000011beab000 	/Library/Java/JavaVirtualMachines/jdk1.7.0_51.jdk/Contents/Home/jre/lib/libosxui.dylib
0x000000011d57d000 	/Library/Java/JavaVirtualMachines/jdk1.7.0_51.jdk/Contents/Home/jre/lib/libjsound.dylib
0x000000011d590000 	/System/Library/Frameworks/CoreMIDI.framework/Versions/A/CoreMIDI
0x000000000599e000 	/usr/lib/libexpat.1.dylib
0x000000011d5f3000 	/System/Library/Extensions/AppleHDA.kext/Contents/PlugIns/AppleHDAHALPlugIn.bundle/Contents/MacOS/AppleHDAHALPlugIn
0x000000011ed6d000 	/System/Library/Components/CoreAudio.component/Contents/MacOS/CoreAudio
0x0000000121847000 	/Library/Java/JavaVirtualMachines/jdk1.7.0_51.jdk/Contents/Home/jre/lib/libt2k.dylib

VM Arguments:
jvm_args: -Dfile.encoding=UTF-8 -agentpath:/Applications/NetBeans/NetBeans 7.4.app/Contents/Resources/NetBeans/profiler/lib/deployed/jdk16/mac/libprofilerinterface.jnilib=/Applications/NetBeans/NetBeans 7.4.app/Contents/Resources/NetBeans/profiler/lib,5140,10 -XX:+HeapDumpOnOutOfMemoryError -XX:HeapDumpPath=/Users/matsu/Dropbox/Development/Open/Asteroids4J/Asteroids/nbproject/private/profiler 
java_command: com.sudolink.game.GameMain
Launcher Type: SUN_STANDARD

Environment Variables:

[error occurred during error reporting (printing environment variables), id 0xb]

Signal Handlers:
SIGSEGV: [libjvm.dylib+0x525425], sa_mask[0]=0xfffefeff, sa_flags=0x00000043
SIGBUS: [libjvm.dylib+0x525425], sa_mask[0]=0xfffefeff, sa_flags=0x00000042
SIGFPE: [libjvm.dylib+0x41892a], sa_mask[0]=0xfffefeff, sa_flags=0x00000042
SIGPIPE: [libjvm.dylib+0x41892a], sa_mask[0]=0xfffefeff, sa_flags=0x00000042
SIGXFSZ: [libjvm.dylib+0x41892a], sa_mask[0]=0xfffefeff, sa_flags=0x00000042
SIGILL: [libjvm.dylib+0x41892a], sa_mask[0]=0xfffefeff, sa_flags=0x00000042
SIGUSR1: SIG_DFL, sa_mask[0]=0x00000000, sa_flags=0x00000002
SIGUSR2: [libjvm.dylib+0x41841c], sa_mask[0]=0x00000004, sa_flags=0x00000042
SIGHUP: [libjvm.dylib+0x4166ab], sa_mask[0]=0xfffefeff, sa_flags=0x00000042
SIGINT: SIG_IGN, sa_mask[0]=0x00000000, sa_flags=0x00000000
SIGTERM: [libjvm.dylib+0x4166ab], sa_mask[0]=0xfffefeff, sa_flags=0x00000042
SIGQUIT: [libjvm.dylib+0x4166ab], sa_mask[0]=0xfffefeff, sa_flags=0x00000042


---------------  S Y S T E M  ---------------

OS:Bsduname:Darwin 13.0.0 Darwin Kernel Version 13.0.0: Thu Sep 19 22:22:27 PDT 2013; root:xnu-2422.1.72~6/RELEASE_X86_64 x86_64
rlimit: STACK 8192k, CORE 0k, NPROC 709, NOFILE 10240, AS infinity
load average:2.16 1.96 1.76

CPU:total 4 (2 cores per cpu, 2 threads per core) family 6 model 42 stepping 7, cmov, cx8, fxsr, mmx, sse, sse2, sse3, ssse3, sse4.1, sse4.2, popcnt, avx, aes, ht, tsc, tscinvbit

Memory: 4k page, physical 8388608k(2097152k free)

/proc/meminfo:


vm_info: Java HotSpot(TM) 64-Bit Server VM (24.51-b03) for bsd-amd64 JRE (1.7.0_51-b13), built on Dec 18 2013 18:45:56 by "java_re" with gcc 4.2.1 (Based on Apple Inc. build 5658) (LLVM build 2336.11.00)


[error occurred during error reporting (printing date and time), id 0xb]

